Analysis & Synthesis report for ShiftAndCombine
Thu Feb  6 16:18:28 2025
Quartus Prime Version 21.1.1 Build 850 06/23/2022 SJ Lite Edition


---------------------
; Table of Contents ;
---------------------
  1. Legal Notice
  2. Analysis & Synthesis Summary
  3. Analysis & Synthesis Settings
  4. Parallel Compilation
  5. Analysis & Synthesis Source Files Read
  6. Analysis & Synthesis Resource Usage Summary
  7. Analysis & Synthesis Resource Utilization by Entity
  8. General Register Statistics
  9. Port Connectivity Checks: "add:a1|fulladder:SFA1"
 10. Port Connectivity Checks: "convert:dispCombine2"
 11. Post-Synthesis Netlist Statistics for Top Partition
 12. Elapsed Time Per Partition
 13. Analysis & Synthesis Messages



----------------
; Legal Notice ;
----------------
Copyright (C) 2022  Intel Corporation. All rights reserved.
Your use of Intel Corporation's design tools, logic functions 
and other software and tools, and any partner logic 
functions, and any output files from any of the foregoing 
(including device programming or simulation files), and any 
associated documentation or information are expressly subject 
to the terms and conditions of the Intel Program License 
Subscription Agreement, the Intel Quartus Prime License Agreement,
the Intel FPGA IP License Agreement, or other applicable license
agreement, including, without limitation, that your use is for
the sole purpose of programming logic devices manufactured by
Intel and sold by Intel or its authorized distributors.  Please
refer to the applicable agreement for further details, at
https://fpgasoftware.intel.com/eula.



+----------------------------------------------------------------------------------+
; Analysis & Synthesis Summary                                                     ;
+------------------------------------+---------------------------------------------+
; Analysis & Synthesis Status        ; Successful - Thu Feb  6 16:18:28 2025       ;
; Quartus Prime Version              ; 21.1.1 Build 850 06/23/2022 SJ Lite Edition ;
; Revision Name                      ; ShiftAndCombine                             ;
; Top-level Entity Name              ; shiftandarithmeticFPGA                      ;
; Family                             ; MAX 10                                      ;
; Total logic elements               ; 72                                          ;
;     Total combinational functions  ; 72                                          ;
;     Dedicated logic registers      ; 0                                           ;
; Total registers                    ; 0                                           ;
; Total pins                         ; 68                                          ;
; Total virtual pins                 ; 0                                           ;
; Total memory bits                  ; 0                                           ;
; Embedded Multiplier 9-bit elements ; 0                                           ;
; Total PLLs                         ; 0                                           ;
; UFM blocks                         ; 0                                           ;
; ADC blocks                         ; 0                                           ;
+------------------------------------+---------------------------------------------+


+----------------------------------------------------------------------------------------------------------------+
; Analysis & Synthesis Settings                                                                                  ;
+------------------------------------------------------------------+------------------------+--------------------+
; Option                                                           ; Setting                ; Default Value      ;
+------------------------------------------------------------------+------------------------+--------------------+
; Device                                                           ; 10M50DAF484C7G         ;                    ;
; Top-level entity name                                            ; shiftandarithmeticFPGA ; ShiftAndCombine    ;
; Family name                                                      ; MAX 10 FPGA            ; Cyclone V          ;
; Use smart compilation                                            ; Off                    ; Off                ;
; Enable parallel Assembler and Timing Analyzer during compilation ; On                     ; On                 ;
; Enable compact report table                                      ; Off                    ; Off                ;
; Restructure Multiplexers                                         ; Auto                   ; Auto               ;
; Create Debugging Nodes for IP Cores                              ; Off                    ; Off                ;
; Preserve fewer node names                                        ; On                     ; On                 ;
; Intel FPGA IP Evaluation Mode                                    ; Enable                 ; Enable             ;
; Verilog Version                                                  ; Verilog_2001           ; Verilog_2001       ;
; VHDL Version                                                     ; VHDL_1993              ; VHDL_1993          ;
; State Machine Processing                                         ; Auto                   ; Auto               ;
; Safe State Machine                                               ; Off                    ; Off                ;
; Extract Verilog State Machines                                   ; On                     ; On                 ;
; Extract VHDL State Machines                                      ; On                     ; On                 ;
; Ignore Verilog initial constructs                                ; Off                    ; Off                ;
; Iteration limit for constant Verilog loops                       ; 5000                   ; 5000               ;
; Iteration limit for non-constant Verilog loops                   ; 250                    ; 250                ;
; Add Pass-Through Logic to Inferred RAMs                          ; On                     ; On                 ;
; Infer RAMs from Raw Logic                                        ; On                     ; On                 ;
; Parallel Synthesis                                               ; On                     ; On                 ;
; DSP Block Balancing                                              ; Auto                   ; Auto               ;
; NOT Gate Push-Back                                               ; On                     ; On                 ;
; Power-Up Don't Care                                              ; On                     ; On                 ;
; Remove Redundant Logic Cells                                     ; Off                    ; Off                ;
; Remove Duplicate Registers                                       ; On                     ; On                 ;
; Ignore CARRY Buffers                                             ; Off                    ; Off                ;
; Ignore CASCADE Buffers                                           ; Off                    ; Off                ;
; Ignore GLOBAL Buffers                                            ; Off                    ; Off                ;
; Ignore ROW GLOBAL Buffers                                        ; Off                    ; Off                ;
; Ignore LCELL Buffers                                             ; Off                    ; Off                ;
; Ignore SOFT Buffers                                              ; On                     ; On                 ;
; Limit AHDL Integers to 32 Bits                                   ; Off                    ; Off                ;
; Optimization Technique                                           ; Balanced               ; Balanced           ;
; Carry Chain Length                                               ; 70                     ; 70                 ;
; Auto Carry Chains                                                ; On                     ; On                 ;
; Auto Open-Drain Pins                                             ; On                     ; On                 ;
; Perform WYSIWYG Primitive Resynthesis                            ; Off                    ; Off                ;
; Auto ROM Replacement                                             ; On                     ; On                 ;
; Auto RAM Replacement                                             ; On                     ; On                 ;
; Auto DSP Block Replacement                                       ; On                     ; On                 ;
; Auto Shift Register Replacement                                  ; Auto                   ; Auto               ;
; Allow Shift Register Merging across Hierarchies                  ; Auto                   ; Auto               ;
; Auto Clock Enable Replacement                                    ; On                     ; On                 ;
; Strict RAM Replacement                                           ; Off                    ; Off                ;
; Allow Synchronous Control Signals                                ; On                     ; On                 ;
; Force Use of Synchronous Clear Signals                           ; Off                    ; Off                ;
; Auto RAM Block Balancing                                         ; On                     ; On                 ;
; Auto RAM to Logic Cell Conversion                                ; Off                    ; Off                ;
; Auto Resource Sharing                                            ; Off                    ; Off                ;
; Allow Any RAM Size For Recognition                               ; Off                    ; Off                ;
; Allow Any ROM Size For Recognition                               ; Off                    ; Off                ;
; Allow Any Shift Register Size For Recognition                    ; Off                    ; Off                ;
; Use LogicLock Constraints during Resource Balancing              ; On                     ; On                 ;
; Ignore translate_off and synthesis_off directives                ; Off                    ; Off                ;
; Timing-Driven Synthesis                                          ; On                     ; On                 ;
; Report Parameter Settings                                        ; On                     ; On                 ;
; Report Source Assignments                                        ; On                     ; On                 ;
; Report Connectivity Checks                                       ; On                     ; On                 ;
; Ignore Maximum Fan-Out Assignments                               ; Off                    ; Off                ;
; Synchronization Register Chain Length                            ; 2                      ; 2                  ;
; Power Optimization During Synthesis                              ; Normal compilation     ; Normal compilation ;
; HDL message level                                                ; Level2                 ; Level2             ;
; Suppress Register Optimization Related Messages                  ; Off                    ; Off                ;
; Number of Removed Registers Reported in Synthesis Report         ; 5000                   ; 5000               ;
; Number of Swept Nodes Reported in Synthesis Report               ; 5000                   ; 5000               ;
; Number of Inverted Registers Reported in Synthesis Report        ; 100                    ; 100                ;
; Clock MUX Protection                                             ; On                     ; On                 ;
; Auto Gated Clock Conversion                                      ; Off                    ; Off                ;
; Block Design Naming                                              ; Auto                   ; Auto               ;
; SDC constraint protection                                        ; Off                    ; Off                ;
; Synthesis Effort                                                 ; Auto                   ; Auto               ;
; Shift Register Replacement - Allow Asynchronous Clear Signal     ; On                     ; On                 ;
; Pre-Mapping Resynthesis Optimization                             ; Off                    ; Off                ;
; Analysis & Synthesis Message Level                               ; Medium                 ; Medium             ;
; Disable Register Merging Across Hierarchies                      ; Auto                   ; Auto               ;
; Resource Aware Inference For Block RAM                           ; On                     ; On                 ;
+------------------------------------------------------------------+------------------------+--------------------+


+------------------------------------------+
; Parallel Compilation                     ;
+----------------------------+-------------+
; Processors                 ; Number      ;
+----------------------------+-------------+
; Number detected on machine ; 12          ;
; Maximum allowed            ; 12          ;
;                            ;             ;
; Average used               ; 1.00        ;
; Maximum used               ; 1           ;
;                            ;             ;
; Usage by Processor         ; % Time Used ;
;     Processor 1            ; 100.0%      ;
+----------------------------+-------------+


+---------------------------------------------------------------------------------------------------------------------------------------------------------------------------------------+
; Analysis & Synthesis Source Files Read                                                                                                                                                ;
+----------------------------------------+-----------------+------------------------+-----------------------------------------------------------------------------------------+---------+
; File Name with User-Entered Path       ; Used in Netlist ; File Type              ; File Name with Absolute Path                                                            ; Library ;
+----------------------------------------+-----------------+------------------------+-----------------------------------------------------------------------------------------+---------+
; shiftandarithmeticFPGA.v               ; yes             ; User Verilog HDL File  ; C:/Users/18639/Downloads/CodeGenerated/DE10_LITE/shiftandarithmeticFPGA.v               ;         ;
; addandmultiply.v                       ; yes             ; User Verilog HDL File  ; C:/Users/18639/Downloads/CodeGenerated/DE10_LITE/addandmultiply.v                       ;         ;
; shiftandarithmetic_SegmentConversion.v ; yes             ; User Verilog HDL File  ; C:/Users/18639/Downloads/CodeGenerated/DE10_LITE/shiftandarithmetic_SegmentConversion.v ;         ;
+----------------------------------------+-----------------+------------------------+-----------------------------------------------------------------------------------------+---------+


+-----------------------------------------------------------+
; Analysis & Synthesis Resource Usage Summary               ;
+---------------------------------------------+-------------+
; Resource                                    ; Usage       ;
+---------------------------------------------+-------------+
; Estimated Total logic elements              ; 72          ;
;                                             ;             ;
; Total combinational functions               ; 72          ;
; Logic element usage by number of LUT inputs ;             ;
;     -- 4 input functions                    ; 48          ;
;     -- 3 input functions                    ; 12          ;
;     -- <=2 input functions                  ; 12          ;
;                                             ;             ;
; Logic elements by mode                      ;             ;
;     -- normal mode                          ; 72          ;
;     -- arithmetic mode                      ; 0           ;
;                                             ;             ;
; Total registers                             ; 0           ;
;     -- Dedicated logic registers            ; 0           ;
;     -- I/O registers                        ; 0           ;
;                                             ;             ;
; I/O pins                                    ; 68          ;
;                                             ;             ;
; Embedded Multiplier 9-bit elements          ; 0           ;
;                                             ;             ;
; Maximum fan-out node                        ; SW[0]~input ;
; Maximum fan-out                             ; 25          ;
; Total fan-out                               ; 366         ;
; Average fan-out                             ; 1.76        ;
+---------------------------------------------+-------------+


+------------------------------------------------------------------------------------------------------------------------------------------------------------------------------------------------------------------------------------------------------------------------------+
; Analysis & Synthesis Resource Utilization by Entity                                                                                                                                                                                                                          ;
+----------------------------+---------------------+---------------------------+-------------+------------+--------------+---------+-----------+------+--------------+------------+----------------------------------------------------+------------------------+--------------+
; Compilation Hierarchy Node ; Combinational ALUTs ; Dedicated Logic Registers ; Memory Bits ; UFM Blocks ; DSP Elements ; DSP 9x9 ; DSP 18x18 ; Pins ; Virtual Pins ; ADC blocks ; Full Hierarchy Name                                ; Entity Name            ; Library Name ;
+----------------------------+---------------------+---------------------------+-------------+------------+--------------+---------+-----------+------+--------------+------------+----------------------------------------------------+------------------------+--------------+
; |shiftandarithmeticFPGA    ; 72 (0)              ; 0 (0)                     ; 0           ; 0          ; 0            ; 0       ; 0         ; 68   ; 0            ; 0          ; |shiftandarithmeticFPGA                            ; shiftandarithmeticFPGA ; work         ;
;    |add:a1|                ; 9 (0)               ; 0 (0)                     ; 0           ; 0          ; 0            ; 0       ; 0         ; 0    ; 0            ; 0          ; |shiftandarithmeticFPGA|add:a1                     ; add                    ; work         ;
;       |fulladder:SFA1|     ; 2 (2)               ; 0 (0)                     ; 0           ; 0          ; 0            ; 0       ; 0         ; 0    ; 0            ; 0          ; |shiftandarithmeticFPGA|add:a1|fulladder:SFA1      ; fulladder              ; work         ;
;       |fulladder:SFA2|     ; 2 (2)               ; 0 (0)                     ; 0           ; 0          ; 0            ; 0       ; 0         ; 0    ; 0            ; 0          ; |shiftandarithmeticFPGA|add:a1|fulladder:SFA2      ; fulladder              ; work         ;
;       |fulladder:SFA3|     ; 3 (3)               ; 0 (0)                     ; 0           ; 0          ; 0            ; 0       ; 0         ; 0    ; 0            ; 0          ; |shiftandarithmeticFPGA|add:a1|fulladder:SFA3      ; fulladder              ; work         ;
;       |fulladder:SFA4|     ; 2 (2)               ; 0 (0)                     ; 0           ; 0          ; 0            ; 0       ; 0         ; 0    ; 0            ; 0          ; |shiftandarithmeticFPGA|add:a1|fulladder:SFA4      ; fulladder              ; work         ;
;    |convert:dispAdd|       ; 7 (7)               ; 0 (0)                     ; 0           ; 0          ; 0            ; 0       ; 0         ; 0    ; 0            ; 0          ; |shiftandarithmeticFPGA|convert:dispAdd            ; convert                ; work         ;
;    |convert:dispCombine2|  ; 6 (6)               ; 0 (0)                     ; 0           ; 0          ; 0            ; 0       ; 0         ; 0    ; 0            ; 0          ; |shiftandarithmeticFPGA|convert:dispCombine2       ; convert                ; work         ;
;    |convert:dispCombine|   ; 7 (7)               ; 0 (0)                     ; 0           ; 0          ; 0            ; 0       ; 0         ; 0    ; 0            ; 0          ; |shiftandarithmeticFPGA|convert:dispCombine        ; convert                ; work         ;
;    |convert:dispProduct1|  ; 7 (7)               ; 0 (0)                     ; 0           ; 0          ; 0            ; 0       ; 0         ; 0    ; 0            ; 0          ; |shiftandarithmeticFPGA|convert:dispProduct1       ; convert                ; work         ;
;    |convert:dispProduct2|  ; 7 (7)               ; 0 (0)                     ; 0           ; 0          ; 0            ; 0       ; 0         ; 0    ; 0            ; 0          ; |shiftandarithmeticFPGA|convert:dispProduct2       ; convert                ; work         ;
;    |multiply:m1|           ; 29 (8)              ; 0 (0)                     ; 0           ; 0          ; 0            ; 0       ; 0         ; 0    ; 0            ; 0          ; |shiftandarithmeticFPGA|multiply:m1                ; multiply               ; work         ;
;       |fulladder:MFA1|     ; 4 (4)               ; 0 (0)                     ; 0           ; 0          ; 0            ; 0       ; 0         ; 0    ; 0            ; 0          ; |shiftandarithmeticFPGA|multiply:m1|fulladder:MFA1 ; fulladder              ; work         ;
;       |fulladder:MFA2|     ; 2 (2)               ; 0 (0)                     ; 0           ; 0          ; 0            ; 0       ; 0         ; 0    ; 0            ; 0          ; |shiftandarithmeticFPGA|multiply:m1|fulladder:MFA2 ; fulladder              ; work         ;
;       |fulladder:MFA3|     ; 2 (2)               ; 0 (0)                     ; 0           ; 0          ; 0            ; 0       ; 0         ; 0    ; 0            ; 0          ; |shiftandarithmeticFPGA|multiply:m1|fulladder:MFA3 ; fulladder              ; work         ;
;       |fulladder:MFA4|     ; 2 (2)               ; 0 (0)                     ; 0           ; 0          ; 0            ; 0       ; 0         ; 0    ; 0            ; 0          ; |shiftandarithmeticFPGA|multiply:m1|fulladder:MFA4 ; fulladder              ; work         ;
;       |fulladder:MFA5|     ; 2 (2)               ; 0 (0)                     ; 0           ; 0          ; 0            ; 0       ; 0         ; 0    ; 0            ; 0          ; |shiftandarithmeticFPGA|multiply:m1|fulladder:MFA5 ; fulladder              ; work         ;
;       |fulladder:MFA6|     ; 2 (2)               ; 0 (0)                     ; 0           ; 0          ; 0            ; 0       ; 0         ; 0    ; 0            ; 0          ; |shiftandarithmeticFPGA|multiply:m1|fulladder:MFA6 ; fulladder              ; work         ;
;       |fulladder:MFA7|     ; 2 (2)               ; 0 (0)                     ; 0           ; 0          ; 0            ; 0       ; 0         ; 0    ; 0            ; 0          ; |shiftandarithmeticFPGA|multiply:m1|fulladder:MFA7 ; fulladder              ; work         ;
;       |fulladder:MFA8|     ; 2 (2)               ; 0 (0)                     ; 0           ; 0          ; 0            ; 0       ; 0         ; 0    ; 0            ; 0          ; |shiftandarithmeticFPGA|multiply:m1|fulladder:MFA8 ; fulladder              ; work         ;
;       |halfadder:MHA1|     ; 1 (1)               ; 0 (0)                     ; 0           ; 0          ; 0            ; 0       ; 0         ; 0    ; 0            ; 0          ; |shiftandarithmeticFPGA|multiply:m1|halfadder:MHA1 ; halfadder              ; work         ;
;       |halfadder:MHA2|     ; 1 (1)               ; 0 (0)                     ; 0           ; 0          ; 0            ; 0       ; 0         ; 0    ; 0            ; 0          ; |shiftandarithmeticFPGA|multiply:m1|halfadder:MHA2 ; halfadder              ; work         ;
;       |halfadder:MHA3|     ; 1 (1)               ; 0 (0)                     ; 0           ; 0          ; 0            ; 0       ; 0         ; 0    ; 0            ; 0          ; |shiftandarithmeticFPGA|multiply:m1|halfadder:MHA3 ; halfadder              ; work         ;
+----------------------------+---------------------+---------------------------+-------------+------------+--------------+---------+-----------+------+--------------+------------+----------------------------------------------------+------------------------+--------------+
Note: For table entries with two numbers listed, the numbers in parentheses indicate the number of resources of the given type used by the specific entity alone. The numbers listed outside of parentheses indicate the total resources of the given type used by the specific entity and all of its sub-entities in the hierarchy.


+------------------------------------------------------+
; General Register Statistics                          ;
+----------------------------------------------+-------+
; Statistic                                    ; Value ;
+----------------------------------------------+-------+
; Total registers                              ; 0     ;
; Number of registers using Synchronous Clear  ; 0     ;
; Number of registers using Synchronous Load   ; 0     ;
; Number of registers using Asynchronous Clear ; 0     ;
; Number of registers using Asynchronous Load  ; 0     ;
; Number of registers using Clock Enable       ; 0     ;
; Number of registers using Preset             ; 0     ;
+----------------------------------------------+-------+


+-----------------------------------------------------------------------------------------------------------------------------------------------------------------------------------------------------------------+
; Port Connectivity Checks: "add:a1|fulladder:SFA1"                                                                                                                                                               ;
+---------+-------+----------+------------------------------------------------------------------------------------------------------------------------------------------------------------------------------------+
; Port    ; Type  ; Severity ; Details                                                                                                                                                                            ;
+---------+-------+----------+------------------------------------------------------------------------------------------------------------------------------------------------------------------------------------+
; cin     ; Input ; Warning  ; Input port expression (32 bits) is wider than the input port (1 bits) it drives.  The 31 most-significant bit(s) in the expression will be dangling if they have no other fanouts. ;
; cin[-1] ; Input ; Info     ; Stuck at GND                                                                                                                                                                       ;
+---------+-------+----------+------------------------------------------------------------------------------------------------------------------------------------------------------------------------------------+


+--------------------------------------------------+
; Port Connectivity Checks: "convert:dispCombine2" ;
+-------------+-------+----------+-----------------+
; Port        ; Type  ; Severity ; Details         ;
+-------------+-------+----------+-----------------+
; halfbyte[0] ; Input ; Info     ; Stuck at GND    ;
+-------------+-------+----------+-----------------+


+-----------------------------------------------------+
; Post-Synthesis Netlist Statistics for Top Partition ;
+-----------------------+-----------------------------+
; Type                  ; Count                       ;
+-----------------------+-----------------------------+
; boundary_port         ; 68                          ;
; cycloneiii_lcell_comb ; 80                          ;
;     normal            ; 80                          ;
;         0 data inputs ; 2                           ;
;         1 data inputs ; 6                           ;
;         2 data inputs ; 12                          ;
;         3 data inputs ; 12                          ;
;         4 data inputs ; 48                          ;
;                       ;                             ;
; Max LUT depth         ; 10.00                       ;
; Average LUT depth     ; 5.98                        ;
+-----------------------+-----------------------------+


+-------------------------------+
; Elapsed Time Per Partition    ;
+----------------+--------------+
; Partition Name ; Elapsed Time ;
+----------------+--------------+
; Top            ; 00:00:00     ;
+----------------+--------------+


+-------------------------------+
; Analysis & Synthesis Messages ;
+-------------------------------+
Info: *******************************************************************
Info: Running Quartus Prime Analysis & Synthesis
    Info: Version 21.1.1 Build 850 06/23/2022 SJ Lite Edition
    Info: Processing started: Thu Feb  6 16:18:07 2025
Info: Command: quartus_map --read_settings_files=on --write_settings_files=off ShiftAndCombine -c ShiftAndCombine
Warning (18236): Number of processors has not been specified which may cause overloading on shared machines.  Set the global assignment NUM_PARALLEL_PROCESSORS in your QSF to an appropriate value for best performance.
Info (20030): Parallel compilation is enabled and will use 12 of the 12 processors detected
Info (12021): Found 1 design units, including 1 entities, in source file shiftandarithmetictestbench.v
    Info (12023): Found entity 1: saa_tb File: C:/Users/18639/Downloads/CodeGenerated/DE10_LITE/shiftandarithmeticTestbench.v Line: 2
Info (12021): Found 1 design units, including 1 entities, in source file shiftandarithmeticfortestbench.v
    Info (12023): Found entity 1: test File: C:/Users/18639/Downloads/CodeGenerated/DE10_LITE/shiftandarithmeticForTestbench.v Line: 1
Info (12021): Found 1 design units, including 1 entities, in source file shiftandarithmeticfpga.v
    Info (12023): Found entity 1: shiftandarithmeticFPGA File: C:/Users/18639/Downloads/CodeGenerated/DE10_LITE/shiftandarithmeticFPGA.v Line: 1
Info (12021): Found 4 design units, including 4 entities, in source file addandmultiply.v
    Info (12023): Found entity 1: add File: C:/Users/18639/Downloads/CodeGenerated/DE10_LITE/addandmultiply.v Line: 1
    Info (12023): Found entity 2: multiply File: C:/Users/18639/Downloads/CodeGenerated/DE10_LITE/addandmultiply.v Line: 10
    Info (12023): Found entity 3: fulladder File: C:/Users/18639/Downloads/CodeGenerated/DE10_LITE/addandmultiply.v Line: 47
    Info (12023): Found entity 4: halfadder File: C:/Users/18639/Downloads/CodeGenerated/DE10_LITE/addandmultiply.v Line: 54
Info (12021): Found 2 design units, including 2 entities, in source file shiftandarithmetic_segmentconversion.v
    Info (12023): Found entity 1: convert File: C:/Users/18639/Downloads/CodeGenerated/DE10_LITE/shiftandarithmetic_SegmentConversion.v Line: 3
    Info (12023): Found entity 2: convertCarry File: C:/Users/18639/Downloads/CodeGenerated/DE10_LITE/shiftandarithmetic_SegmentConversion.v Line: 37
Info (12127): Elaborating entity "shiftandarithmeticFPGA" for the top level hierarchy
Warning (10036): Verilog HDL or VHDL warning at shiftandarithmeticFPGA.v(23): object "Combined" assigned a value but never read File: C:/Users/18639/Downloads/CodeGenerated/DE10_LITE/shiftandarithmeticFPGA.v Line: 23
Warning (10034): Output port "LEDR[9..8]" at shiftandarithmeticFPGA.v(13) has no driver File: C:/Users/18639/Downloads/CodeGenerated/DE10_LITE/shiftandarithmeticFPGA.v Line: 13
Info (12128): Elaborating entity "convert" for hierarchy "convert:dispCombine" File: C:/Users/18639/Downloads/CodeGenerated/DE10_LITE/shiftandarithmeticFPGA.v Line: 43
Info (12128): Elaborating entity "add" for hierarchy "add:a1" File: C:/Users/18639/Downloads/CodeGenerated/DE10_LITE/shiftandarithmeticFPGA.v Line: 48
Info (12128): Elaborating entity "fulladder" for hierarchy "add:a1|fulladder:SFA1" File: C:/Users/18639/Downloads/CodeGenerated/DE10_LITE/addandmultiply.v Line: 4
Info (12128): Elaborating entity "multiply" for hierarchy "multiply:m1" File: C:/Users/18639/Downloads/CodeGenerated/DE10_LITE/shiftandarithmeticFPGA.v Line: 50
Info (12128): Elaborating entity "halfadder" for hierarchy "multiply:m1|halfadder:MHA1" File: C:/Users/18639/Downloads/CodeGenerated/DE10_LITE/addandmultiply.v Line: 22
Info (12128): Elaborating entity "convertCarry" for hierarchy "convertCarry:dispCarry" File: C:/Users/18639/Downloads/CodeGenerated/DE10_LITE/shiftandarithmeticFPGA.v Line: 54
Warning (12241): 1 hierarchies have connectivity warnings - see the Connectivity Checks report folder
Warning (13024): Output pins are stuck at VCC or GND
    Warning (13410): Pin "HEX0[7]" is stuck at VCC File: C:/Users/18639/Downloads/CodeGenerated/DE10_LITE/shiftandarithmeticFPGA.v Line: 5
    Warning (13410): Pin "HEX1[7]" is stuck at VCC File: C:/Users/18639/Downloads/CodeGenerated/DE10_LITE/shiftandarithmeticFPGA.v Line: 6
    Warning (13410): Pin "HEX2[7]" is stuck at VCC File: C:/Users/18639/Downloads/CodeGenerated/DE10_LITE/shiftandarithmeticFPGA.v Line: 7
    Warning (13410): Pin "HEX3[1]" is stuck at GND File: C:/Users/18639/Downloads/CodeGenerated/DE10_LITE/shiftandarithmeticFPGA.v Line: 8
    Warning (13410): Pin "HEX3[2]" is stuck at GND File: C:/Users/18639/Downloads/CodeGenerated/DE10_LITE/shiftandarithmeticFPGA.v Line: 8
    Warning (13410): Pin "HEX3[6]" is stuck at VCC File: C:/Users/18639/Downloads/CodeGenerated/DE10_LITE/shiftandarithmeticFPGA.v Line: 8
    Warning (13410): Pin "HEX3[7]" is stuck at VCC File: C:/Users/18639/Downloads/CodeGenerated/DE10_LITE/shiftandarithmeticFPGA.v Line: 8
    Warning (13410): Pin "HEX4[7]" is stuck at VCC File: C:/Users/18639/Downloads/CodeGenerated/DE10_LITE/shiftandarithmeticFPGA.v Line: 9
    Warning (13410): Pin "HEX5[7]" is stuck at VCC File: C:/Users/18639/Downloads/CodeGenerated/DE10_LITE/shiftandarithmeticFPGA.v Line: 10
    Warning (13410): Pin "LEDR[0]" is stuck at GND File: C:/Users/18639/Downloads/CodeGenerated/DE10_LITE/shiftandarithmeticFPGA.v Line: 13
    Warning (13410): Pin "LEDR[8]" is stuck at GND File: C:/Users/18639/Downloads/CodeGenerated/DE10_LITE/shiftandarithmeticFPGA.v Line: 13
    Warning (13410): Pin "LEDR[9]" is stuck at GND File: C:/Users/18639/Downloads/CodeGenerated/DE10_LITE/shiftandarithmeticFPGA.v Line: 13
Info (286030): Timing-Driven Synthesis is running
Info (16010): Generating hard_block partition "hard_block:auto_generated_inst"
    Info (16011): Adding 0 node(s), including 0 DDIO, 0 PLL, 0 transceiver and 0 LCELL
Warning (21074): Design contains 2 input pin(s) that do not drive logic
    Warning (15610): No output dependent on input pin "SW[8]" File: C:/Users/18639/Downloads/CodeGenerated/DE10_LITE/shiftandarithmeticFPGA.v Line: 16
    Warning (15610): No output dependent on input pin "SW[9]" File: C:/Users/18639/Downloads/CodeGenerated/DE10_LITE/shiftandarithmeticFPGA.v Line: 16
Info (21057): Implemented 140 device resources after synthesis - the final resource count might be different
    Info (21058): Implemented 10 input pins
    Info (21059): Implemented 58 output pins
    Info (21061): Implemented 72 logic cells
Info: Quartus Prime Analysis & Synthesis was successful. 0 errors, 20 warnings
    Info: Peak virtual memory: 4786 megabytes
    Info: Processing ended: Thu Feb  6 16:18:28 2025
    Info: Elapsed time: 00:00:21
    Info: Total CPU time (on all processors): 00:00:10


